<?xml version="1.0" encoding="utf-8"?><testsuites name="pytest tests"><testsuite name="pytest" errors="0" failures="0" skipped="0" tests="47" time="0.250" timestamp="2026-03-01T12:16:31.864195-07:00" hostname="local-yocal"><testcase classname="tests.test_uat_reddit.TestUATBossing" name="test_bossing_lookup_vorkath_stats" time="0.018" /><testcase classname="tests.test_uat_reddit.TestUATBossing" name="test_bossing_lookup_zulrah_stats" time="0.001" /><testcase classname="tests.test_uat_reddit.TestUATBossing" name="test_bossing_boss_requirements" time="0.001" /><testcase classname="tests.test_uat_reddit.TestUATBossing" name="test_bossing_player_stats_for_bossing" time="0.001" /><testcase classname="tests.test_uat_reddit.TestUATBossing" name="test_bossing_dps_at_vorkath_melee" time="0.001" /><testcase classname="tests.test_uat_reddit.TestUATBossing" name="test_bossing_drops_vorkath" time="0.001" /><testcase classname="tests.test_uat_reddit.TestUATBossing" name="test_bossing_ironman_boss_next" time="0.001" /><testcase classname="tests.test_uat_reddit.TestUATGear" name="test_gear_item_info_whip" time="0.002" /><testcase classname="tests.test_uat_reddit.TestUATGear" name="test_gear_search_melee_weapons" time="0.001" /><testcase classname="tests.test_uat_reddit.TestUATGear" name="test_gear_price_check_for_upgrade" time="0.001" /><testcase classname="tests.test_uat_reddit.TestUATGear" name="test_gear_search_ranged_weapons" time="0.001" /><testcase classname="tests.test_uat_reddit.TestUATGear" name="test_gear_vorkath_setup" time="0.001" /><testcase classname="tests.test_uat_reddit.TestUATGear" name="test_gear_compare_weapons_at_boss" time="0.001" /><testcase classname="tests.test_uat_reddit.TestUATDps" name="test_dps_melee_at_cerberus" time="0.001" /><testcase classname="tests.test_uat_reddit.TestUATDps" name="test_dps_infernal_cape_comparison" time="0.001" /><testcase classname="tests.test_uat_reddit.TestUATDps" name="test_dps_ranged_at_vorkath" time="0.001" /><testcase classname="tests.test_uat_reddit.TestUATDps" name="test_dps_magic_at_zulrah" time="0.001" /><testcase classname="tests.test_uat_reddit.TestUATDps" name="test_dps_with_slayer_helm" time="0.001" /><testcase classname="tests.test_uat_reddit.TestUATDrops" name="test_drops_zenyte_shard_source" time="0.001" /><testcase classname="tests.test_uat_reddit.TestUATDrops" name="test_drops_abyssal_whip_sources" time="0.001" /><testcase classname="tests.test_uat_reddit.TestUATDrops" name="test_drops_maple_seed_sources" time="0.001" /><testcase classname="tests.test_uat_reddit.TestUATDrops" name="test_drops_vorkath_drop_table" time="0.001" /><testcase classname="tests.test_uat_reddit.TestUATDrops" name="test_drops_no_results" time="0.001" /><testcase classname="tests.test_uat_reddit.TestUATMoneyMaking" name="test_money_making_list_methods" time="0.001" /><testcase classname="tests.test_uat_reddit.TestUATMoneyMaking" name="test_money_making_filter_by_skill" time="0.001" /><testcase classname="tests.test_uat_reddit.TestUATMoneyMaking" name="test_money_making_check_item_value" time="0.001" /><testcase classname="tests.test_uat_reddit.TestUATPrices" name="test_prices_rigour_worth_it" time="0.001" /><testcase classname="tests.test_uat_reddit.TestUATPrices" name="test_prices_soulreaper_axe" time="0.001" /><testcase classname="tests.test_uat_reddit.TestUATPrices" name="test_prices_item_not_found_graceful" time="0.001" /><testcase classname="tests.test_uat_reddit.TestUATProgression" name="test_progression_fetch_player_stats" time="0.001" /><testcase classname="tests.test_uat_reddit.TestUATProgression" name="test_progression_player_gains_tracking" time="0.001" /><testcase classname="tests.test_uat_reddit.TestUATProgression" name="test_progression_mid_game_iron_stats" time="0.001" /><testcase classname="tests.test_uat_reddit.TestUATProgression" name="test_progression_what_to_spend_cash_on" time="0.001" /><testcase classname="tests.test_uat_reddit.TestUATQuests" name="test_quests_dragon_slayer" time="0.001" /><testcase classname="tests.test_uat_reddit.TestUATQuests" name="test_quests_rfd" time="0.001" /><testcase classname="tests.test_uat_reddit.TestUATQuests" name="test_quests_not_found_fallback" time="0.001" /><testcase classname="tests.test_uat_reddit.TestUATQuests" name="test_quests_search_wiki" time="0.001" /><testcase classname="tests.test_uat_reddit.TestUATSlayer" name="test_slayer_gargoyles_info" time="0.001" /><testcase classname="tests.test_uat_reddit.TestUATSlayer" name="test_slayer_search_demons" time="0.001" /><testcase classname="tests.test_uat_reddit.TestUATSlayer" name="test_slayer_barrows_on_task" time="0.001" /><testcase classname="tests.test_uat_reddit.TestUATSlayer" name="test_slayer_dps_on_task" time="0.001" /><testcase classname="tests.test_uat_reddit.TestUATWikiSearch" name="test_wiki_search_fire_cape_guide" time="0.001" /><testcase classname="tests.test_uat_reddit.TestUATWikiSearch" name="test_wiki_search_ironman_guide" time="0.001" /><testcase classname="tests.test_uat_reddit.TestUATMultiToolWorkflows" name="test_workflow_boss_viability_check" time="0.002" /><testcase classname="tests.test_uat_reddit.TestUATMultiToolWorkflows" name="test_workflow_gear_upgrade_decision" time="0.001" /><testcase classname="tests.test_uat_reddit.TestUATMultiToolWorkflows" name="test_workflow_drop_hunting_plan" time="0.001" /><testcase classname="tests.test_uat_reddit.TestUATMultiToolWorkflows" name="test_workflow_money_making_boss_value" time="0.001" /></testsuite></testsuites>